#
# There is insufficient memory for the Java Runtime Environment to continue.
# Native memory allocation (malloc) failed to allocate 1692784 bytes for Chunk::new
# Possible reasons:
#   The system is out of physical RAM or swap space
#   In 32 bit mode, the process size limit was hit
# Possible solutions:
#   Reduce memory load on the system
#   Increase physical memory or swap space
#   Check if swap backing store is full
#   Use 64 bit Java on a 64 bit OS
#   Decrease Java heap size (-Xmx/-Xms)
#   Decrease number of Java threads
#   Decrease Java thread stack sizes (-Xss)
#   Set larger code cache with -XX:ReservedCodeCacheSize=
# This output file may be truncated or incomplete.
#
#  Out of Memory Error (allocation.cpp:390), pid=34180, tid=0x0000000000005500
#
# JRE version: Java(TM) SE Runtime Environment (8.0_181-b13) (build 1.8.0_181-b13)
# Java VM: Java HotSpot(TM) 64-Bit Server VM (25.181-b13 mixed mode windows-amd64 compressed oops)
# Failed to write core dump. Minidumps are not enabled by default on client versions of Windows
#

---------------  T H R E A D  ---------------

Current thread (0x0000000017c59000):  JavaThread "C2 CompilerThread0" daemon [_thread_in_native, id=21760, stack(0x00000000192c0000,0x00000000193c0000)]

Stack: [0x00000000192c0000,0x00000000193c0000]
[error occurred during error reporting (printing stack bounds), id 0xc0000005]

Native frames: (J=compiled Java code, j=interpreted, Vv=VM code, C=native code)


Current CompileTask:
C2: 158419 3029       4       java.net.URLClassLoader$1::run (5 bytes)


---------------  P R O C E S S  ---------------

Java Threads: ( => current thread )
  0x000000001b8a1000 JavaThread "Okio Watchdog" daemon [_thread_blocked, id=33568, stack(0x0000000020480000,0x0000000020580000)]
  0x000000001a2d2800 JavaThread "OkHttp ConnectionPool" daemon [_thread_blocked, id=12640, stack(0x0000000020380000,0x0000000020480000)]
  0x000000001b6dc800 JavaThread "Exec Stream Pumper" daemon [_thread_in_native, id=33132, stack(0x000000001f880000,0x000000001f980000)]
  0x000000001b6dc000 JavaThread "Exec Stream Pumper" daemon [_thread_in_native, id=11516, stack(0x000000001f780000,0x000000001f880000)]
  0x000000001df8c000 JavaThread "Exec Default Executor" daemon [_thread_in_native, id=2672, stack(0x000000001c560000,0x000000001c660000)]
  0x0000000017cae800 JavaThread "Service Thread" daemon [_thread_blocked, id=12468, stack(0x00000000199c0000,0x0000000019ac0000)]
  0x0000000017c65800 JavaThread "C1 CompilerThread2" daemon [_thread_blocked, id=11076, stack(0x00000000194c0000,0x00000000195c0000)]
  0x0000000017c60000 JavaThread "C2 CompilerThread1" daemon [_thread_in_native, id=25832, stack(0x00000000193c0000,0x00000000194c0000)]
=>0x0000000017c59000 JavaThread "C2 CompilerThread0" daemon [_thread_in_native, id=21760, stack(0x00000000192c0000,0x00000000193c0000)]
  0x0000000017c58000 JavaThread "Attach Listener" daemon [_thread_blocked, id=3616, stack(0x00000000191c0000,0x00000000192c0000)]
  0x0000000017c56800 JavaThread "Signal Dispatcher" daemon [_thread_blocked, id=20344, stack(0x00000000190c0000,0x00000000191c0000)]
  0x0000000017c3f800 JavaThread "Finalizer" daemon [_thread_blocked, id=26868, stack(0x0000000018ec0000,0x0000000018fc0000)]
  0x0000000017c38800 JavaThread "Reference Handler" daemon [_thread_blocked, id=29972, stack(0x0000000018dc0000,0x0000000018ec0000)]
  0x0000000002f3a000 JavaThread "Forwarding executeAsyncScript on session f58f169403927be9f795d782f43aa9da to remote" [_thread_in_native, id=16680, stack(0x0000000002e30000,0x0000000002f30000)]

Other Threads:
  0x0000000017c17000 VMThread [stack: 0x0000000018cc0000,0x0000000018dc0000] [id=18076]
  0x000000001961f000 WatcherThread [stack: 0x0000000019ac0000,0x0000000019bc0000] [id=11572]

VM state:not at safepoint (normal execution)

VM Mutex/Monitor currently owned by a thread: None

Heap:
 PSYoungGen      total 143872K, used 22033K [0x00000000d5580000, 0x00000000e2380000, 0x0000000100000000)
  eden space 132608K, 8% used [0x00000000d5580000,0x00000000d60c3cb0,0x00000000dd700000)
  from space 11264K, 93% used [0x00000000dd700000,0x00000000de140970,0x00000000de200000)
  to   space 12288K, 0% used [0x00000000e1780000,0x00000000e1780000,0x00000000e2380000)
 ParOldGen       total 70656K, used 14498K [0x0000000080000000, 0x0000000084500000, 0x00000000d5580000)
  object space 70656K, 20% used [0x0000000080000000,0x0000000080e28aa0,0x0000000084500000)
 Metaspace       used 29321K, capacity 30354K, committed 30464K, reserved 1075200K
  class space    used 3547K, capacity 3833K, committed 3840K, reserved 1048576K

Card table byte_map: [0x00000000123f0000,0x0000000012800000] byte_map_base: 0x0000000011ff0000

Marking Bits: (ParMarkBitMap*) 0x0000000074a02d00
 Begin Bits: [0x0000000012eb0000, 0x0000000014eb0000)
 End Bits:   [0x0000000014eb0000, 0x0000000016eb0000)

Polling page: 0x0000000000bd0000

CodeCache: size=245760Kb used=12317Kb max_used=12387Kb free=233442Kb
 bounds [0x0000000003030000, 0x0000000003c60000, 0x0000000012030000]
 total_blobs=3640 nmethods=2958 adapters=594
 compilation: enabled

Compilation events (10 events):
Event: 158.066 Thread 0x0000000017c65800 3060       3       okio.Buffer::writeUtf8 (11 bytes)
Event: 158.066 Thread 0x0000000017c65800 nmethod 3060 0x0000000003148650 code [0x00000000031487c0, 0x0000000003148ac8]
Event: 158.187 Thread 0x0000000017c65800 3061       3       java.util.Formatter$FormatSpecifier::justify (105 bytes)
Event: 158.189 Thread 0x0000000017c65800 nmethod 3061 0x00000000031899d0 code [0x0000000003189c80, 0x000000000318b0f8]
Event: 158.189 Thread 0x0000000017c65800 3062       3       com.google.common.base.Ascii::isUpperCase (18 bytes)
Event: 158.189 Thread 0x0000000017c65800 nmethod 3062 0x000000000316fb50 code [0x000000000316fca0, 0x000000000316fe70]
Event: 158.189 Thread 0x0000000017c65800 3063       3       java.util.stream.StreamOpFlag::isKnown (19 bytes)
Event: 158.189 Thread 0x0000000017c65800 nmethod 3063 0x00000000031482d0 code [0x0000000003148420, 0x00000000031485d0]
Event: 158.189 Thread 0x0000000017c65800 3064       1       java.util.Spliterators$ArraySpliterator::characteristics (5 bytes)
Event: 158.189 Thread 0x0000000017c65800 nmethod 3064 0x00000000031a3390 code [0x00000000031a34e0, 0x00000000031a35f0]

GC Heap History (10 events):
Event: 2.242 GC heap before
{Heap before GC invocations=4 (full 0):
 PSYoungGen      total 38400K, used 38398K [0x00000000d5580000, 0x00000000da080000, 0x0000000100000000)
  eden space 33280K, 100% used [0x00000000d5580000,0x00000000d7600000,0x00000000d7600000)
  from space 5120K, 99% used [0x00000000d7600000,0x00000000d7aff838,0x00000000d7b00000)
  to   space 5120K, 0% used [0x00000000d9b80000,0x00000000d9b80000,0x00000000da080000)
 ParOldGen       total 87552K, used 1339K [0x0000000080000000, 0x0000000085580000, 0x00000000d5580000)
  object space 87552K, 1% used [0x0000000080000000,0x000000008014ef80,0x0000000085580000)
 Metaspace       used 17055K, capacity 17206K, committed 17408K, reserved 1064960K
  class space    used 1909K, capacity 1963K, committed 2048K, reserved 1048576K
Event: 2.250 GC heap after
Heap after GC invocations=4 (full 0):
 PSYoungGen      total 71680K, used 5109K [0x00000000d5580000, 0x00000000da080000, 0x0000000100000000)
  eden space 66560K, 0% used [0x00000000d5580000,0x00000000d5580000,0x00000000d9680000)
  from space 5120K, 99% used [0x00000000d9b80000,0x00000000da07d788,0x00000000da080000)
  to   space 5120K, 0% used [0x00000000d9680000,0x00000000d9680000,0x00000000d9b80000)
 ParOldGen       total 87552K, used 4328K [0x0000000080000000, 0x0000000085580000, 0x00000000d5580000)
  object space 87552K, 4% used [0x0000000080000000,0x000000008043a1f8,0x0000000085580000)
 Metaspace       used 17055K, capacity 17206K, committed 17408K, reserved 1064960K
  class space    used 1909K, capacity 1963K, committed 2048K, reserved 1048576K
}
Event: 3.301 GC heap before
{Heap before GC invocations=5 (full 0):
 PSYoungGen      total 71680K, used 71669K [0x00000000d5580000, 0x00000000da080000, 0x0000000100000000)
  eden space 66560K, 100% used [0x00000000d5580000,0x00000000d9680000,0x00000000d9680000)
  from space 5120K, 99% used [0x00000000d9b80000,0x00000000da07d788,0x00000000da080000)
  to   space 5120K, 0% used [0x00000000d9680000,0x00000000d9680000,0x00000000d9b80000)
 ParOldGen       total 87552K, used 4328K [0x0000000080000000, 0x0000000085580000, 0x00000000d5580000)
  object space 87552K, 4% used [0x0000000080000000,0x000000008043a1f8,0x0000000085580000)
 Metaspace       used 20330K, capacity 20586K, committed 20864K, reserved 1067008K
  class space    used 2263K, capacity 2364K, committed 2432K, reserved 1048576K
Event: 3.323 GC heap after
Heap after GC invocations=5 (full 0):
 PSYoungGen      total 71680K, used 5092K [0x00000000d5580000, 0x00000000dec80000, 0x0000000100000000)
  eden space 66560K, 0% used [0x00000000d5580000,0x00000000d5580000,0x00000000d9680000)
  from space 5120K, 99% used [0x00000000d9680000,0x00000000d9b79178,0x00000000d9b80000)
  to   space 10752K, 0% used [0x00000000de200000,0x00000000de200000,0x00000000dec80000)
 ParOldGen       total 87552K, used 9033K [0x0000000080000000, 0x0000000085580000, 0x00000000d5580000)
  object space 87552K, 10% used [0x0000000080000000,0x00000000808d2720,0x0000000085580000)
 Metaspace       used 20330K, capacity 20586K, committed 20864K, reserved 1067008K
  class space    used 2263K, capacity 2364K, committed 2432K, reserved 1048576K
}
Event: 3.700 GC heap before
{Heap before GC invocations=6 (full 0):
 PSYoungGen      total 71680K, used 43232K [0x00000000d5580000, 0x00000000dec80000, 0x0000000100000000)
  eden space 66560K, 57% used [0x00000000d5580000,0x00000000d7abf210,0x00000000d9680000)
  from space 5120K, 99% used [0x00000000d9680000,0x00000000d9b79178,0x00000000d9b80000)
  to   space 10752K, 0% used [0x00000000de200000,0x00000000de200000,0x00000000dec80000)
 ParOldGen       total 87552K, used 9033K [0x0000000080000000, 0x0000000085580000, 0x00000000d5580000)
  object space 87552K, 10% used [0x0000000080000000,0x00000000808d2720,0x0000000085580000)
 Metaspace       used 20785K, capacity 21090K, committed 21296K, reserved 1069056K
  class space    used 2310K, capacity 2404K, committed 2432K, reserved 1048576K
Event: 3.714 GC heap after
Heap after GC invocations=6 (full 0):
 PSYoungGen      total 143360K, used 8972K [0x00000000d5580000, 0x00000000ded80000, 0x0000000100000000)
  eden space 132608K, 0% used [0x00000000d5580000,0x00000000d5580000,0x00000000dd700000)
  from space 10752K, 83% used [0x00000000de200000,0x00000000deac3228,0x00000000dec80000)
  to   space 11264K, 0% used [0x00000000dd700000,0x00000000dd700000,0x00000000de200000)
 ParOldGen       total 87552K, used 9033K [0x0000000080000000, 0x0000000085580000, 0x00000000d5580000)
  object space 87552K, 10% used [0x0000000080000000,0x00000000808d2720,0x0000000085580000)
 Metaspace       used 20785K, capacity 21090K, committed 21296K, reserved 1069056K
  class space    used 2310K, capacity 2404K, committed 2432K, reserved 1048576K
}
Event: 3.714 GC heap before
{Heap before GC invocations=7 (full 1):
 PSYoungGen      total 143360K, used 8972K [0x00000000d5580000, 0x00000000ded80000, 0x0000000100000000)
  eden space 132608K, 0% used [0x00000000d5580000,0x00000000d5580000,0x00000000dd700000)
  from space 10752K, 83% used [0x00000000de200000,0x00000000deac3228,0x00000000dec80000)
  to   space 11264K, 0% used [0x00000000dd700000,0x00000000dd700000,0x00000000de200000)
 ParOldGen       total 87552K, used 9033K [0x0000000080000000, 0x0000000085580000, 0x00000000d5580000)
  object space 87552K, 10% used [0x0000000080000000,0x00000000808d2720,0x0000000085580000)
 Metaspace       used 20785K, capacity 21090K, committed 21296K, reserved 1069056K
  class space    used 2310K, capacity 2404K, committed 2432K, reserved 1048576K
Event: 3.799 GC heap after
Heap after GC invocations=7 (full 1):
 PSYoungGen      total 143360K, used 0K [0x00000000d5580000, 0x00000000ded80000, 0x0000000100000000)
  eden space 132608K, 0% used [0x00000000d5580000,0x00000000d5580000,0x00000000dd700000)
  from space 10752K, 0% used [0x00000000de200000,0x00000000de200000,0x00000000dec80000)
  to   space 11264K, 0% used [0x00000000dd700000,0x00000000dd700000,0x00000000de200000)
 ParOldGen       total 70656K, used 14490K [0x0000000080000000, 0x0000000084500000, 0x00000000d5580000)
  object space 70656K, 20% used [0x0000000080000000,0x0000000080e26aa0,0x0000000084500000)
 Metaspace       used 20785K, capacity 21090K, committed 21296K, reserved 1069056K
  class space    used 2310K, capacity 2404K, committed 2432K, reserved 1048576K
}
Event: 157.940 GC heap before
{Heap before GC invocations=8 (full 1):
 PSYoungGen      total 143360K, used 132608K [0x00000000d5580000, 0x00000000ded80000, 0x0000000100000000)
  eden space 132608K, 100% used [0x00000000d5580000,0x00000000dd700000,0x00000000dd700000)
  from space 10752K, 0% used [0x00000000de200000,0x00000000de200000,0x00000000dec80000)
  to   space 11264K, 0% used [0x00000000dd700000,0x00000000dd700000,0x00000000de200000)
 ParOldGen       total 70656K, used 14490K [0x0000000080000000, 0x0000000084500000, 0x00000000d5580000)
  object space 70656K, 20% used [0x0000000080000000,0x0000000080e26aa0,0x0000000084500000)
 Metaspace       used 29169K, capacity 30108K, committed 30208K, reserved 1075200K
  class space    used 3533K, capacity 3797K, committed 3840K, reserved 1048576K
Event: 157.954 GC heap after
Heap after GC invocations=8 (full 1):
 PSYoungGen      total 143872K, used 10498K [0x00000000d5580000, 0x00000000e2380000, 0x0000000100000000)
  eden space 132608K, 0% used [0x00000000d5580000,0x00000000d5580000,0x00000000dd700000)
  from space 11264K, 93% used [0x00000000dd700000,0x00000000de140970,0x00000000de200000)
  to   space 12288K, 0% used [0x00000000e1780000,0x00000000e1780000,0x00000000e2380000)
 ParOldGen       total 70656K, used 14498K [0x0000000080000000, 0x0000000084500000, 0x00000000d5580000)
  object space 70656K, 20% used [0x0000000080000000,0x0000000080e28aa0,0x0000000084500000)
 Metaspace       used 29169K, capacity 30108K, committed 30208K, reserved 1075200K
  class space    used 3533K, capacity 3797K, committed 3840K, reserved 1048576K
}

Deoptimization events (10 events):
Event: 11.038 Thread 0x0000000002f3a000 Uncommon trap: reason=class_check action=maybe_recompile pc=0x0000000003abb3c4 method=org.openqa.selenium.json.Input.init()V @ 18
Event: 11.038 Thread 0x0000000002f3a000 Uncommon trap: reason=class_check action=maybe_recompile pc=0x0000000003abb3c4 method=org.openqa.selenium.json.Input.init()V @ 18
Event: 11.121 Thread 0x0000000002f3a000 Uncommon trap: reason=unstable_if action=reinterpret pc=0x0000000003389d20 method=java.util.HashMap.getNode(ILjava/lang/Object;)Ljava/util/HashMap$Node; @ 129
Event: 11.121 Thread 0x0000000002f3a000 Uncommon trap: reason=bimorphic action=maybe_recompile pc=0x000000000399419c method=java.util.HashMap.putVal(ILjava/lang/Object;Ljava/lang/Object;ZZ)Ljava/lang/Object; @ 203
Event: 11.122 Thread 0x0000000002f3a000 Uncommon trap: reason=unstable_if action=reinterpret pc=0x0000000003380688 method=java.util.HashMap.getNode(ILjava/lang/Object;)Ljava/util/HashMap$Node; @ 129
Event: 11.122 Thread 0x0000000002f3a000 Uncommon trap: reason=bimorphic action=maybe_recompile pc=0x000000000399419c method=java.util.HashMap.putVal(ILjava/lang/Object;Ljava/lang/Object;ZZ)Ljava/lang/Object; @ 203
Event: 11.310 Thread 0x0000000002f3a000 Uncommon trap: reason=unstable_if action=reinterpret pc=0x0000000003994b64 method=java.lang.CharacterDataLatin1.digit(II)I @ 60
Event: 11.825 Thread 0x0000000002f3a000 Uncommon trap: reason=bimorphic action=maybe_recompile pc=0x00000000036f7594 method=java.net.URL.<init>(Ljava/net/URL;Ljava/lang/String;Ljava/net/URLStreamHandler;)V @ 504
Event: 150.516 Thread 0x0000000002f3a000 Uncommon trap: reason=unstable_if action=reinterpret pc=0x0000000003bfce54 method=groovy.lang.MetaClassImpl.checkIfStdMethod(Lgroovy/lang/MetaMethod;)V @ 118
Event: 150.516 Thread 0x0000000002f3a000 Uncommon trap: reason=unstable_if action=reinterpret pc=0x0000000003bf8d9c method=groovy.lang.MetaClassImpl.checkIfStdMethod(Lgroovy/lang/MetaMethod;)V @ 55

Classes redefined (0 events):
No events

Internal exceptions (10 events):
Event: 158.001 Thread 0x0000000002f3a000 Exception <a 'java/security/PrivilegedActionException'> (0x00000000d5a7f940) thrown at [C:\re\workspace\8-2-build-windows-amd64-cygwin\jdk8u181\11358\hotspot\src\share\vm\prims\jvm.cpp, line 1435]
Event: 158.001 Thread 0x0000000002f3a000 Exception <a 'java/security/PrivilegedActionException'> (0x00000000d5a7ff20) thrown at [C:\re\workspace\8-2-build-windows-amd64-cygwin\jdk8u181\11358\hotspot\src\share\vm\prims\jvm.cpp, line 1435]
Event: 158.002 Thread 0x0000000002f3a000 Exception <a 'java/security/PrivilegedActionException'> (0x00000000d5a86408) thrown at [C:\re\workspace\8-2-build-windows-amd64-cygwin\jdk8u181\11358\hotspot\src\share\vm\prims\jvm.cpp, line 1435]
Event: 158.002 Thread 0x0000000002f3a000 Exception <a 'java/security/PrivilegedActionException'> (0x00000000d5a869e8) thrown at [C:\re\workspace\8-2-build-windows-amd64-cygwin\jdk8u181\11358\hotspot\src\share\vm\prims\jvm.cpp, line 1435]
Event: 158.014 Thread 0x0000000002f3a000 Exception <a 'java/lang/ClassNotFoundException': Script1BeanInfo> (0x00000000d5b73c48) thrown at [C:\re\workspace\8-2-build-windows-amd64-cygwin\jdk8u181\11358\hotspot\src\share\vm\classfile\systemDictionary.cpp, line 210]
Event: 158.017 Thread 0x0000000002f3a000 Exception <a 'java/lang/ClassNotFoundException': Script1Customizer> (0x00000000d5b9e488) thrown at [C:\re\workspace\8-2-build-windows-amd64-cygwin\jdk8u181\11358\hotspot\src\share\vm\classfile\systemDictionary.cpp, line 210]
Event: 158.038 Thread 0x0000000002f3a000 Exception <a 'java/lang/ClassNotFoundException': com/kms/katalon/core/webui/keyword/builtin/ClickKeywordBeanInfo> (0x00000000d5ef4b50) thrown at [C:\re\workspace\8-2-build-windows-amd64-cygwin\jdk8u181\11358\hotspot\src\share\vm\classfile\systemDictionary
Event: 158.040 Thread 0x0000000002f3a000 Exception <a 'java/lang/ClassNotFoundException': com/kms/katalon/core/webui/keyword/builtin/ClickKeywordCustomizer> (0x00000000d5f3b9f8) thrown at [C:\re\workspace\8-2-build-windows-amd64-cygwin\jdk8u181\11358\hotspot\src\share\vm\classfile\systemDictiona
Event: 158.065 Thread 0x0000000002f3a000 Exception <a 'java/net/SocketTimeoutException': Read timed out> (0x00000000d6090ac0) thrown at [C:\re\workspace\8-2-build-windows-amd64-cygwin\jdk8u181\11358\hotspot\src\share\vm\prims\jni.cpp, line 735]
Event: 158.205 Thread 0x0000000002f3a000 Exception <a 'java/net/SocketTimeoutException': Read timed out> (0x00000000d60ac3c8) thrown at [C:\re\workspace\8-2-build-windows-amd64-cygwin\jdk8u181\11358\hotspot\src\share\vm\prims\jni.cpp, line 735]

Events (10 events):
Event: 158.044 loading class groovy/runtime/metaclass/com/kms/katalon/core/webui/keyword/builtin/ClickKeyword$_click_closure1MetaClass
Event: 158.044 loading class groovy/runtime/metaclass/com/kms/katalon/core/webui/keyword/builtin/ClickKeyword$_click_closure1MetaClass done
Event: 158.046 loading class com/kms/katalon/core/setting/BundleSettingStore
Event: 158.046 loading class com/kms/katalon/core/setting/BundleSettingStore done
Event: 158.047 loading class com/kms/katalon/core/setting/PropertySettingStoreUtil
Event: 158.047 loading class com/kms/katalon/core/setting/PropertySettingStoreUtil done
Event: 158.048 loading class com/kms/katalon/core/setting/LinkedProperties
Event: 158.048 loading class com/kms/katalon/core/setting/LinkedProperties done
Event: 158.051 loading class com/kms/katalon/core/webui/common/internal/SmartWait
Event: 158.051 loading class com/kms/katalon/core/webui/common/internal/SmartWait done


Dynamic libraries:
0x00007ff68e750000 - 0x00007ff68e787000 	D:\Katalon_Studio_Windows_64-7.2.6\jre\bin\javaw.exe
0x00007ff8b7c30000 - 0x00007ff8b7e24000 	C:\WINDOWS\SYSTEM32\ntdll.dll
0x00007ff8b62f0000 - 0x00007ff8b63ad000 	C:\WINDOWS\System32\KERNEL32.DLL
0x00007ff8b5a10000 - 0x00007ff8b5cd1000 	C:\WINDOWS\System32\KERNELBASE.dll
0x00007ff8b66f0000 - 0x00007ff8b679a000 	C:\WINDOWS\System32\ADVAPI32.dll
0x00007ff8b63b0000 - 0x00007ff8b644e000 	C:\WINDOWS\System32\msvcrt.dll
0x00007ff8b6250000 - 0x00007ff8b62eb000 	C:\WINDOWS\System32\sechost.dll
0x00007ff8b68c0000 - 0x00007ff8b69e0000 	C:\WINDOWS\System32\RPCRT4.dll
0x00007ff8b5f10000 - 0x00007ff8b60b0000 	C:\WINDOWS\System32\USER32.dll
0x00007ff8b5670000 - 0x00007ff8b5692000 	C:\WINDOWS\System32\win32u.dll
0x00007ff8b7a10000 - 0x00007ff8b7a3a000 	C:\WINDOWS\System32\GDI32.dll
0x00007ff8b56a0000 - 0x00007ff8b57aa000 	C:\WINDOWS\System32\gdi32full.dll
0x00007ff8b55d0000 - 0x00007ff8b566d000 	C:\WINDOWS\System32\msvcp_win.dll
0x00007ff8b5810000 - 0x00007ff8b590e000 	C:\WINDOWS\System32\ucrtbase.dll
0x00007ff8a0210000 - 0x00007ff8a04aa000 	C:\WINDOWS\WinSxS\amd64_microsoft.windows.common-controls_6595b64144ccf1df_6.0.19002.1_none_b556e4f74683f5ff\COMCTL32.dll
0x00007ff8b6540000 - 0x00007ff8b6570000 	C:\WINDOWS\System32\IMM32.DLL
0x0000000073e60000 - 0x0000000073f32000 	D:\Katalon_Studio_Windows_64-7.2.6\jre\bin\msvcr100.dll
0x00000000741e0000 - 0x0000000074a82000 	D:\Katalon_Studio_Windows_64-7.2.6\jre\bin\server\jvm.dll
0x00007ff8b6d40000 - 0x00007ff8b6d48000 	C:\WINDOWS\System32\PSAPI.DLL
0x00007ff8972d0000 - 0x00007ff8972d9000 	C:\WINDOWS\SYSTEM32\WSOCK32.dll
0x00007ff8b6450000 - 0x00007ff8b64bb000 	C:\WINDOWS\System32\WS2_32.dll
0x00007ff89fbe0000 - 0x00007ff89fc07000 	C:\WINDOWS\SYSTEM32\WINMM.dll
0x00007ff8ab2c0000 - 0x00007ff8ab2ca000 	C:\WINDOWS\SYSTEM32\VERSION.dll
0x00000000741d0000 - 0x00000000741df000 	D:\Katalon_Studio_Windows_64-7.2.6\jre\bin\verify.dll
0x00000000741a0000 - 0x00000000741c9000 	D:\Katalon_Studio_Windows_64-7.2.6\jre\bin\java.dll
0x0000000074180000 - 0x0000000074196000 	D:\Katalon_Studio_Windows_64-7.2.6\jre\bin\zip.dll
0x00007ff8b6e80000 - 0x00007ff8b7597000 	C:\WINDOWS\System32\SHELL32.dll
0x00007ff8b2f20000 - 0x00007ff8b36a8000 	C:\WINDOWS\SYSTEM32\windows.storage.dll
0x00007ff8b69e0000 - 0x00007ff8b6d31000 	C:\WINDOWS\System32\combase.dll
0x00007ff8b61a0000 - 0x00007ff8b624e000 	C:\WINDOWS\System32\SHCORE.dll
0x00007ff8b6140000 - 0x00007ff8b6195000 	C:\WINDOWS\System32\shlwapi.dll
0x00007ff8b5300000 - 0x00007ff8b531f000 	C:\WINDOWS\SYSTEM32\profapi.dll
0x0000000074160000 - 0x000000007417a000 	D:\Katalon_Studio_Windows_64-7.2.6\jre\bin\net.dll
0x00007ff8b4ae0000 - 0x00007ff8b4b4b000 	C:\WINDOWS\system32\mswsock.dll
0x0000000074140000 - 0x0000000074151000 	D:\Katalon_Studio_Windows_64-7.2.6\jre\bin\nio.dll
0x00007ff8b4820000 - 0x00007ff8b48e6000 	C:\WINDOWS\SYSTEM32\DNSAPI.dll
0x00007ff8b47e0000 - 0x00007ff8b481b000 	C:\WINDOWS\SYSTEM32\IPHLPAPI.DLL
0x00007ff8b68b0000 - 0x00007ff8b68b8000 	C:\WINDOWS\System32\NSI.dll
0x00007ff89f6c0000 - 0x00007ff89f6ca000 	C:\Windows\System32\rasadhlp.dll
0x00007ff8a0130000 - 0x00007ff8a01af000 	C:\WINDOWS\System32\fwpuclnt.dll
0x00007ff8b59e0000 - 0x00007ff8b5a07000 	C:\WINDOWS\System32\bcrypt.dll
0x0000000074100000 - 0x0000000074124000 	D:\Katalon_Studio_Windows_64-7.2.6\jre\bin\sunec.dll
0x00000000740f0000 - 0x00000000740fb000 	D:\Katalon_Studio_Windows_64-7.2.6\jre\bin\sunmscapi.dll
0x00007ff8b53c0000 - 0x00007ff8b5516000 	C:\WINDOWS\System32\CRYPT32.dll
0x00007ff8ad620000 - 0x00007ff8ad637000 	C:\WINDOWS\SYSTEM32\dhcpcsvc6.DLL
0x00007ff8ad5c0000 - 0x00007ff8ad5dd000 	C:\WINDOWS\SYSTEM32\dhcpcsvc.DLL
0x00007ff8b4cb0000 - 0x00007ff8b4cc8000 	C:\WINDOWS\SYSTEM32\CRYPTSP.dll
0x00007ff8b44a0000 - 0x00007ff8b44d4000 	C:\WINDOWS\system32\rsaenh.dll
0x00007ff8b52c0000 - 0x00007ff8b52ee000 	C:\WINDOWS\SYSTEM32\USERENV.dll
0x00007ff8b5910000 - 0x00007ff8b5988000 	C:\WINDOWS\System32\bcryptprimitives.dll
0x00007ff8b4cd0000 - 0x00007ff8b4cdc000 	C:\WINDOWS\SYSTEM32\CRYPTBASE.dll
0x00007ff87c9f0000 - 0x00007ff87ca07000 	C:\WINDOWS\system32\napinsp.dll
0x00007ff87a450000 - 0x00007ff87a46b000 	C:\WINDOWS\system32\pnrpnsp.dll
0x00007ff87a430000 - 0x00007ff87a442000 	C:\WINDOWS\System32\winrnr.dll
0x00007ff8ad360000 - 0x00007ff8ad37d000 	C:\WINDOWS\system32\NLAapi.dll
0x00007ff8ac990000 - 0x00007ff8ac9a5000 	C:\WINDOWS\system32\wshbth.dll

VM Arguments:
jvm_args: -Dgroovy.home=/D:/Katalon_Studio_Windows_64-7.2.6/plugins/org.codehaus.groovy_2.4.7.xx-201611170128-e46/ -Xmx2048m -Dfile.encoding=UTF-8 
java_command: org.codehaus.groovy.tools.GroovyStarter --classpath C:\Users\Ihsan\git\chiraghAdminPanel\Include\scripts\groovy;C:\Users\Ihsan\git\chiraghAdminPanel\Keywords;C:\Users\Ihsan\git\chiraghAdminPanel\Libs;C:\Users\Ihsan\git\chiraghAdminPanel\Test Listeners;C:\Users\Ihsan\git\chiraghAdminPanel\Drivers\javafaker-0.14.jar;D:\Katalon_Studio_Windows_64-7.2.6\configuration\resources\lib\aalto-xml-1.0.0.jar;D:\Katalon_Studio_Windows_64-7.2.6\configuration\resources\lib\aspectjweaver-1.9.1.jar;D:\Katalon_Studio_Windows_64-7.2.6\configuration\resources\lib\bcpkix-jdk15on-1.58.jar;D:\Katalon_Studio_Windows_64-7.2.6\configuration\resources\lib\bcprov-jdk15on-1.58.jar;D:\Katalon_Studio_Windows_64-7.2.6\configuration\resources\lib\browsermob-core-2.1.5.jar;D:\Katalon_Studio_Windows_64-7.2.6\configuration\resources\lib\cglib-3.2.10.jar;D:\Katalon_Studio_Windows_64-7.2.6\configuration\resources\lib\commons-codec-1.10.jar;D:\Katalon_Studio_Windows_64-7.2.6\configuration\resources\lib\commons-collections4-4.1.jar;D:\Katalon_Studio_Windows_64-7.2.6\configuration\resources\lib\commons-validator-1.6.jar;D:\Katalon_Studio_Windows_64-7.2.6\configuration\resources\lib\curvesapi-1.04.jar;D:\Katalon_Studio_Windows_64-7.2.6\configuration\resources\lib\dnsjava-2.1.8.jar;D:\Katalon_Studio_Windows_64-7.2.6\configuration\resources\lib\java-client-7.0.0.jar;D:\Katalon_Studio_Windows_64-7.2.6\configuration\resources\lib\jna-4.1.0.jar;D:\Katalon_Studio_Windows_64-7.2.6\configuration\resources\lib\jna-platform-4.1.0.jar;D:\Katalon_Studio_Windows_64-7.2.6\configuration\resources\lib\jzlib-1.1.3.jar;D:\Katalon_Studio_Windows_64-7.2.6\configuration\resources\lib\kat-server.jar;D:\Katalon_Studio_Windows_64-7.2.6\configuration\resources\lib\littleproxy-1.1.0-beta-bmp-17.jar;D:\Katalon_Studio_Windows_64-7.2.6\configuration\resources\lib\mitm-2.1.5.jar;D:\Katalon_Studio_Windows_64-7.2.6\configuration\resources\lib\netty-all-4.0.51.Final.jar;D:\Katalon_Studio_Windows_64-7.2.6\configuration\resour
java_class_path (initial): C:\Users\Ihsan\git\chiraghAdminPanel\bin\keyword;C:\Users\Ihsan\git\chiraghAdminPanel\bin\listener;C:\Users\Ihsan\git\chiraghAdminPanel\bin\lib;C:\Users\Ihsan\git\chiraghAdminPanel\bin\groovy;C:\Users\Ihsan\git\chiraghAdminPanel\bin;D:\Katalon_Studio_Windows_64-7.2.6\plugins\com.kms.katalon.core_1.0.0.202003030905.jar;D:\Katalon_Studio_Windows_64-7.2.6\configuration\resources\lib\aalto-xml-1.0.0.jar;D:\Katalon_Studio_Windows_64-7.2.6\configuration\resources\lib\aspectjweaver-1.9.1.jar;D:\Katalon_Studio_Windows_64-7.2.6\configuration\resources\lib\bcpkix-jdk15on-1.58.jar;D:\Katalon_Studio_Windows_64-7.2.6\configuration\resources\lib\bcprov-jdk15on-1.58.jar;D:\Katalon_Studio_Windows_64-7.2.6\configuration\resources\lib\browsermob-core-2.1.5.jar;D:\Katalon_Studio_Windows_64-7.2.6\configuration\resources\lib\cglib-3.2.10.jar;D:\Katalon_Studio_Windows_64-7.2.6\configuration\resources\lib\commons-codec-1.10.jar;D:\Katalon_Studio_Windows_64-7.2.6\configuration\resources\lib\commons-collections4-4.1.jar;D:\Katalon_Studio_Windows_64-7.2.6\configuration\resources\lib\commons-validator-1.6.jar;D:\Katalon_Studio_Windows_64-7.2.6\configuration\resources\lib\curvesapi-1.04.jar;D:\Katalon_Studio_Windows_64-7.2.6\configuration\resources\lib\dnsjava-2.1.8.jar;D:\Katalon_Studio_Windows_64-7.2.6\configuration\resources\lib\java-client-7.0.0.jar;D:\Katalon_Studio_Windows_64-7.2.6\configuration\resources\lib\jna-4.1.0.jar;D:\Katalon_Studio_Windows_64-7.2.6\configuration\resources\lib\jna-platform-4.1.0.jar;D:\Katalon_Studio_Windows_64-7.2.6\configuration\resources\lib\jzlib-1.1.3.jar;D:\Katalon_Studio_Windows_64-7.2.6\configuration\resources\lib\kat-server.jar;D:\Katalon_Studio_Windows_64-7.2.6\configuration\resources\lib\littleproxy-1.1.0-beta-bmp-17.jar;D:\Katalon_Studio_Windows_64-7.2.6\configuration\resources\lib\mitm-2.1.5.jar;D:\Katalon_Studio_Windows_64-7.2.6\configuration\resources\lib\netty-all-4.0.51.Final.jar;D:\Katalon_Studio_Windows_64-7.2.6\con
Launcher Type: SUN_STANDARD

Environment Variables:
PATH=D:/Katalon_Studio_Windows_64-7.2.6/jre/bin/server;D:/Katalon_Studio_Windows_64-7.2.6/jre/bin;D:/Katalon_Studio_Windows_64-7.2.6/jre/lib/amd64;C:\ProgramData\Oracle\Java\javapath;C:\WINDOWS\system32;C:\WINDOWS;C:\WINDOWS\System32\Wbem;C:\WINDOWS\System32\WindowsPowerShell\v1.0\;C:\Program Files\Git\cmd;C:\xampp\mysql\bin;C:\WINDOWS\System32\OpenSSH\;C:\Program Files\Intel\WiFi\bin\;C:\Program Files\Common Files\Intel\WirelessCommon\;D:\xampp\php;C:\ProgramData\ComposerSetup\bin;C:\Users\Ihsan\AppData\Roaming\npm\node_modules\@angular\cli\bin;C:\Program Files\nodejs\;C:\Users\Ihsan\AppData\Local\Programs\Microsoft VS Code\bin;C:\Users\Ihsan\AppData\Roaming\npm\node_modules\@angular\cli\bin;C:\Users\Ihsan\AppData\Roaming\npm;%USERPROFILE%\AppData\Local\Microsoft\WindowsApps;;D:\Katalon_Studio_Windows_64-7.2.6;
USERNAME=Ihsan
OS=Windows_NT
PROCESSOR_IDENTIFIER=Intel64 Family 6 Model 142 Stepping 9, GenuineIntel



---------------  S Y S T E M  ---------------

OS: Windows 10.0 , 64 bit Build 19002 (10.0.19002.1)

CPU:total 4 (initial active 4) (2 cores per cpu, 2 threads per core) family 6 model 142 stepping 9, cmov, cx8, fxsr, mmx, sse, sse2, sse3, ssse3, sse4.1, sse4.2, popcnt, avx, avx2, aes, clmul, erms, 3dnowpref, lzcnt, ht, tsc, tscinvbit, bmi1, bmi2, adx

Memory: 4k page, physical 8264916k(636056k free), swap 25814968k(6384k free)

vm_info: Java HotSpot(TM) 64-Bit Server VM (25.181-b13) for windows-amd64 JRE (1.8.0_181-b13), built on Jul  7 2018 04:01:33 by "java_re" with MS VC++ 10.0 (VS2010)

time: Wed Apr 01 14:07:06 2020
elapsed time: 158 seconds (0d 0h 2m 38s)

