<?xml version="1.0" encoding="UTF-8" standalone="no"?>
<!DOCTYPE log SYSTEM "logger.dtd">
<log>
<record>
  <date>2019-04-17T17:54:45</date>
  <millis>1555505685609</millis>
  <sequence>0</sequence>
  <level>START</level>
  <class>com.kms.katalon.core.logging.XmlKeywordLogger</class>
  <method>startSuite</method>
  <thread>1</thread>
  <message>Start Test Suite : Test Suites/AdminCompleteFlow</message>
  <nestedLevel>0</nestedLevel>
  <property name="name">AdminCompleteFlow</property>
  <property name="description"></property>
  <property name="id">Test Suites/AdminCompleteFlow</property>
</record>
<record>
  <date>2019-04-17T17:54:45</date>
  <millis>1555505685634</millis>
  <sequence>1</sequence>
  <level>RUN_DATA</level>
  <class>com.kms.katalon.core.logging.XmlKeywordLogger</class>
  <method>logMessage</method>
  <thread>1</thread>
  <message>hostName = HP - DESKTOP-2D7LI1O</message>
  <nestedLevel>0</nestedLevel>
  <property name="hostName">HP - DESKTOP-2D7LI1O</property>
</record>
<record>
  <date>2019-04-17T17:54:45</date>
  <millis>1555505685636</millis>
  <sequence>2</sequence>
  <level>RUN_DATA</level>
  <class>com.kms.katalon.core.logging.XmlKeywordLogger</class>
  <method>logMessage</method>
  <thread>1</thread>
  <message>os = Windows 10 64bit</message>
  <nestedLevel>0</nestedLevel>
  <property name="os">Windows 10 64bit</property>
</record>
<record>
  <date>2019-04-17T17:54:45</date>
  <millis>1555505685637</millis>
  <sequence>3</sequence>
  <level>RUN_DATA</level>
  <class>com.kms.katalon.core.logging.XmlKeywordLogger</class>
  <method>logMessage</method>
  <thread>1</thread>
  <message>hostAddress = 192.168.0.163</message>
  <nestedLevel>0</nestedLevel>
  <property name="hostAddress">192.168.0.163</property>
</record>
<record>
  <date>2019-04-17T17:54:45</date>
  <millis>1555505685641</millis>
  <sequence>4</sequence>
  <level>RUN_DATA</level>
  <class>com.kms.katalon.core.logging.XmlKeywordLogger</class>
  <method>logMessage</method>
  <thread>1</thread>
  <message>katalonVersion = 5.10.1.1</message>
  <nestedLevel>0</nestedLevel>
  <property name="katalonVersion">5.10.1.1</property>
</record>
<record>
  <date>2019-04-17T17:54:45</date>
  <millis>1555505685945</millis>
  <sequence>5</sequence>
  <level>START</level>
  <class>com.kms.katalon.core.logging.XmlKeywordLogger</class>
  <method>startTest</method>
  <thread>1</thread>
  <message>Start Test Case : Test Cases/property(owner)</message>
  <nestedLevel>1</nestedLevel>
  <property name="name">Test Cases/property(owner)</property>
  <property name="description"></property>
  <property name="id">Test Cases/property(owner)</property>
  <property name="source">C:\\Users\\HP\\git\\chiraghAdminPanel\\Test Cases\\property(owner).tc</property>
  <property name="isOptional">false</property>
</record>
<record>
  <date>2019-04-17T17:54:46</date>
  <millis>1555505686932</millis>
  <sequence>7</sequence>
  <level>START</level>
  <class>com.kms.katalon.core.logging.XmlKeywordLogger</class>
  <method>startKeyword</method>
  <thread>1</thread>
  <message>Start action : faker = new com.github.javafaker.Faker()</message>
  <nestedLevel>1</nestedLevel>
  <property name="startLine">18</property>
  <property name="stepIndex">1</property>
</record>
