<?xml version="1.0" encoding="UTF-8" standalone="no"?>
<!DOCTYPE log SYSTEM "logger.dtd">
<log>
<record>
  <date>2020-04-16T16:46:46</date>
  <millis>1587037606034</millis>
  <sequence>0</sequence>
  <level>START</level>
  <class>com.kms.katalon.core.logging.XmlKeywordLogger</class>
  <method>startSuite</method>
  <thread>1</thread>
  <message>Start Test Suite : Test Suites/AdminCompleteFlow</message>
  <nestedLevel>0</nestedLevel>
  <property name="name">AdminCompleteFlow</property>
  <property name="description"></property>
  <property name="id">Test Suites/AdminCompleteFlow</property>
</record>
<record>
  <date>2020-04-16T16:46:46</date>
  <millis>1587037606072</millis>
  <sequence>1</sequence>
  <level>RUN_DATA</level>
  <class>com.kms.katalon.core.logging.XmlKeywordLogger</class>
  <method>logMessage</method>
  <thread>1</thread>
  <message>hostName = HP - DESKTOP-2D7LI1O</message>
  <nestedLevel>0</nestedLevel>
  <property name="hostName">HP - DESKTOP-2D7LI1O</property>
</record>
<record>
  <date>2020-04-16T16:46:46</date>
  <millis>1587037606073</millis>
  <sequence>2</sequence>
  <level>RUN_DATA</level>
  <class>com.kms.katalon.core.logging.XmlKeywordLogger</class>
  <method>logMessage</method>
  <thread>1</thread>
  <message>os = Windows 10 64bit</message>
  <nestedLevel>0</nestedLevel>
  <property name="os">Windows 10 64bit</property>
</record>
<record>
  <date>2020-04-16T16:46:46</date>
  <millis>1587037606073</millis>
  <sequence>3</sequence>
  <level>RUN_DATA</level>
  <class>com.kms.katalon.core.logging.XmlKeywordLogger</class>
  <method>logMessage</method>
  <thread>1</thread>
  <message>hostAddress = 192.168.10.41</message>
  <nestedLevel>0</nestedLevel>
  <property name="hostAddress">192.168.10.41</property>
</record>
<record>
  <date>2020-04-16T16:46:46</date>
  <millis>1587037606075</millis>
  <sequence>4</sequence>
  <level>RUN_DATA</level>
  <class>com.kms.katalon.core.logging.XmlKeywordLogger</class>
  <method>logMessage</method>
  <thread>1</thread>
  <message>katalonVersion = 7.2.6.1</message>
  <nestedLevel>0</nestedLevel>
  <property name="katalonVersion">7.2.6.1</property>
</record>
<record>
  <date>2020-04-16T16:46:46</date>
  <millis>1587037606543</millis>
  <sequence>5</sequence>
  <level>START</level>
  <class>com.kms.katalon.core.logging.XmlKeywordLogger</class>
  <method>startTest</method>
  <thread>1</thread>
  <message>Start Test Case : Test Cases/Front End/TC_PropertySubmissionForm_002</message>
  <nestedLevel>1</nestedLevel>
  <property name="name">Test Cases/Front End/TC_PropertySubmissionForm_002</property>
  <property name="description">As a registered user, I should be able to login and submit my property details without POA, Mortgage and Rental Details.</property>
  <property name="id">Test Cases/Front End/TC_PropertySubmissionForm_002</property>
  <property name="source">C:\\Users\\HP\\git\\chiraghAdminPanel\\Test Cases\\Front End\\TC_PropertySubmissionForm_002.tc</property>
  <property name="tag"></property>
  <property name="isOptional">false</property>
</record>
<record>
  <date>2020-04-16T16:46:47</date>
  <millis>1587037607922</millis>
  <sequence>7</sequence>
  <level>START</level>
  <class>com.kms.katalon.core.logging.XmlKeywordLogger</class>
  <method>startKeyword</method>
  <thread>1</thread>
  <message>Start action : faker = new com.github.javafaker.Faker()</message>
  <nestedLevel>1</nestedLevel>
  <property name="startLine">21</property>
  <property name="stepIndex">1</property>
</record>
<record>
  <date>2020-04-16T16:46:48</date>
  <millis>1587037608657</millis>
  <sequence>8</sequence>
  <level>END</level>
  <class>com.kms.katalon.core.logging.XmlKeywordLogger</class>
  <method>endKeyword</method>
  <thread>1</thread>
  <message>End action : faker = new com.github.javafaker.Faker()</message>
  <nestedLevel>1</nestedLevel>
</record>
<record>
  <date>2020-04-16T16:46:48</date>
  <millis>1587037608658</millis>
  <sequence>9</sequence>
  <level>START</level>
  <class>com.kms.katalon.core.logging.XmlKeywordLogger</class>
  <method>startKeyword</method>
  <thread>1</thread>
  <message>Start action : projectname = address().streetName()</message>
  <nestedLevel>1</nestedLevel>
  <property name="startLine">23</property>
  <property name="stepIndex">2</property>
</record>
<record>
  <date>2020-04-16T16:46:48</date>
  <millis>1587037608678</millis>
  <sequence>10</sequence>
  <level>END</level>
  <class>com.kms.katalon.core.logging.XmlKeywordLogger</class>
  <method>endKeyword</method>
  <thread>1</thread>
  <message>End action : projectname = address().streetName()</message>
  <nestedLevel>1</nestedLevel>
</record>
<record>
  <date>2020-04-16T16:46:48</date>
  <millis>1587037608678</millis>
  <sequence>11</sequence>
  <level>START</level>
  <class>com.kms.katalon.core.logging.XmlKeywordLogger</class>
  <method>startKeyword</method>
  <thread>1</thread>
  <message>Start action : openBrowser(\&amp;quot;\&amp;quot;)</message>
  <nestedLevel>1</nestedLevel>
  <property name="startLine">25</property>
  <property name="stepIndex">3</property>
</record>
<record>
  <date>2020-04-16T16:46:49</date>
  <millis>1587037609204</millis>
  <sequence>13</sequence>
  <level>INFO</level>
  <class>com.kms.katalon.core.logging.XmlKeywordLogger</class>
  <method>logMessage</method>
  <thread>1</thread>
  <message>Starting &amp;apos;Chrome&amp;apos; driver</message>
  <nestedLevel>1</nestedLevel>
</record>
<record>
  <date>2020-04-16T16:46:49</date>
  <millis>1587037609280</millis>
  <sequence>15</sequence>
  <level>INFO</level>
  <class>com.kms.katalon.core.logging.XmlKeywordLogger</class>
  <method>logMessage</method>
  <thread>1</thread>
  <message>Action delay is set to 0 seconds</message>
  <nestedLevel>1</nestedLevel>
</record>
